[2026-03-03 12:51:11] INFO: DIAS Rx server running on port 5000 [development]
[2026-03-03 12:59:47] INFO: ::1 - - [03/Mar/2026:07:29:47 +0000] "GET /health HTTP/1.1" 200 54 "-" "Mozilla/5.0 (Windows NT; Windows NT 10.0; en-IN) WindowsPowerShell/5.1.26100.7920"
[2026-03-05 10:26:29] INFO: DIAS Rx server running on port 5000 [development]
[2026-03-05 10:26:43] WARN: Received SIGINT. Starting graceful shutdown...
[2026-03-05 13:24:02] INFO: DIAS Rx server running on port 5000 [development]
[2026-03-05 13:27:44] WARN: Received SIGINT. Starting graceful shutdown...
[2026-03-05 13:27:54] INFO: DIAS Rx server running on port 5000 [development]
[2026-03-05 13:29:45] WARN: Received SIGINT. Starting graceful shutdown...
[2026-03-05 13:29:55] INFO: DIAS Rx server running on port 5000 [development]
[2026-03-05 13:30:07] WARN: Received SIGINT. Starting graceful shutdown...
[2026-03-05 13:30:15] INFO: DIAS Rx server running on port 5000 [development]
[2026-03-05 13:30:29] WARN: Received SIGINT. Starting graceful shutdown...
[2026-03-05 13:30:36] INFO: DIAS Rx server running on port 5000 [development]
[2026-03-05 13:38:15] WARN: Received SIGINT. Starting graceful shutdown...
[2026-03-05 13:38:24] INFO: DIAS Rx server running on port 5000 [development]
[2026-03-07 09:08:04] INFO: DIAS Rx server running on port 5000 [development]
[2026-03-07 09:15:38] INFO: DIAS Rx server running on port 5000 [development]
[2026-03-07 10:19:21] WARN: Received SIGINT. Starting graceful shutdown...
[2026-03-07 10:19:26] INFO: DIAS Rx server running on port 5000 [development]
[2026-03-07 10:22:30] WARN: Received SIGINT. Starting graceful shutdown...
[2026-03-07 10:22:34] INFO: DIAS Rx server running on port 3307 [development]
[2026-03-07 10:28:36] INFO: DIAS Rx server running on port 5000 [development]
[2026-03-07 12:22:58] INFO: DIAS Rx server running on port 5000 [development]
[2026-03-07 12:28:32] WARN: Received SIGINT. Starting graceful shutdown...
[2026-03-07 12:28:44] INFO: DIAS Rx server running on port 5000 [development]
[2026-03-07 12:30:50] WARN: Received SIGINT. Starting graceful shutdown...
[2026-03-07 12:30:58] INFO: DIAS Rx server running on port 5000 [development]
[2026-03-07 12:32:38] WARN: Received SIGINT. Starting graceful shutdown...
[2026-03-07 12:32:47] INFO: DIAS Rx server running on port 5000 [development]
[2026-03-07 12:37:11] WARN: Received SIGINT. Starting graceful shutdown...
[2026-03-07 12:37:19] INFO: DIAS Rx server running on port 5000 [development]
[2026-03-07 12:47:05] INFO: DIAS Rx server running on port 5000 [development]
[2026-03-07 12:48:18] WARN: [POST] /api/auth/login → User not found
[2026-03-07 12:48:18] INFO: ::1 - - [07/Mar/2026:07:18:18 +0000] "POST /api/auth/login HTTP/1.1" 404 267 "-" "PostmanRuntime/7.51.1"
[2026-03-07 12:51:18] WARN: [POST] /api/auth/login → Invalid credentials
[2026-03-07 12:51:18] INFO: ::1 - - [07/Mar/2026:07:21:18 +0000] "POST /api/auth/login HTTP/1.1" 401 193 "-" "PostmanRuntime/7.51.1"
[2026-03-07 12:51:31] WARN: [POST] /api/auth/login → Invalid credentials
[2026-03-07 12:51:31] INFO: ::1 - - [07/Mar/2026:07:21:31 +0000] "POST /api/auth/login HTTP/1.1" 401 193 "-" "PostmanRuntime/7.51.1"
[2026-03-07 13:00:00] WARN: [POST] /api/auth/login → Invalid credentials
[2026-03-07 13:00:00] INFO: ::1 - - [07/Mar/2026:07:30:00 +0000] "POST /api/auth/login HTTP/1.1" 401 193 "-" "PostmanRuntime/7.51.1"
[2026-03-07 13:00:33] WARN: [POST] /api/auth/login → Invalid credentials
[2026-03-07 13:00:33] INFO: ::1 - - [07/Mar/2026:07:30:33 +0000] "POST /api/auth/login HTTP/1.1" 401 193 "-" "PostmanRuntime/7.51.1"
[2026-03-07 13:02:53] WARN: [POST] /api/auth/login → Expected double-quoted property name in JSON at position 72 (line 4 column 1)
[2026-03-07 13:03:05] WARN: [POST] /api/auth/login → Email, password and role are required
[2026-03-07 13:03:05] INFO: ::1 - - [07/Mar/2026:07:33:05 +0000] "POST /api/auth/login HTTP/1.1" 400 947 "-" "PostmanRuntime/7.51.1"
[2026-03-07 13:04:15] WARN: [POST] /api/auth/login → Email, password and role are required
[2026-03-07 13:04:15] INFO: ::1 - - [07/Mar/2026:07:34:15 +0000] "POST /api/auth/login HTTP/1.1" 400 947 "-" "PostmanRuntime/7.51.1"
[2026-03-07 13:08:38] WARN: [POST] /api/auth/login → Invalid credentials
[2026-03-07 13:08:38] INFO: ::1 - - [07/Mar/2026:07:38:38 +0000] "POST /api/auth/login HTTP/1.1" 401 193 "-" "PostmanRuntime/7.51.1"
[2026-03-08 19:43:51] INFO: DIAS Rx server running on port 5000 [development]
[2026-03-08 19:44:08] INFO: ::1 - - [08/Mar/2026:14:14:08 +0000] "POST /api/login HTTP/1.1" 404 149 "-" "PostmanRuntime/7.51.1"
[2026-03-08 19:45:23] INFO: ::1 - - [08/Mar/2026:14:15:23 +0000] "POST /login HTTP/1.1" 404 145 "-" "PostmanRuntime/7.51.1"
[2026-03-08 19:45:52] WARN: [POST] /api/auth/login → Invalid credentials
[2026-03-08 19:45:52] INFO: ::1 - - [08/Mar/2026:14:15:52 +0000] "POST /api/auth/login HTTP/1.1" 401 193 "-" "PostmanRuntime/7.51.1"
[2026-03-08 19:53:31] WARN: [POST] /api/auth/login → Invalid credentials
[2026-03-08 19:53:31] INFO: ::1 - - [08/Mar/2026:14:23:31 +0000] "POST /api/auth/login HTTP/1.1" 401 193 "-" "PostmanRuntime/7.51.1"
[2026-03-08 19:53:35] WARN: [POST] /api/auth/login → Invalid credentials
[2026-03-08 19:53:35] INFO: ::1 - - [08/Mar/2026:14:23:35 +0000] "POST /api/auth/login HTTP/1.1" 401 193 "-" "PostmanRuntime/7.51.1"
[2026-03-08 20:01:13] INFO: ::1 - - [08/Mar/2026:14:31:13 +0000] "POST /api/auth/login HTTP/1.1" 200 334 "-" "PostmanRuntime/7.51.1"
[2026-03-08 20:07:02] INFO: ::1 - - [08/Mar/2026:14:37:02 +0000] "POST /api/auth/login HTTP/1.1" 200 334 "-" "PostmanRuntime/7.51.1"
[2026-03-08 20:19:07] INFO: ::1 - - [08/Mar/2026:14:49:07 +0000] "POST /api/auth/login HTTP/1.1" 200 334 "-" "PostmanRuntime/7.51.1"
[2026-03-08 20:28:01] INFO: ::1 - - [08/Mar/2026:14:58:01 +0000] "GET /health HTTP/1.1" 200 54 "-" "PostmanRuntime/7.51.1"
[2026-03-08 20:30:00] INFO: ::1 - - [08/Mar/2026:15:00:00 +0000] "GET /api/patients HTTP/1.1" 401 44 "-" "PostmanRuntime/7.51.1"
[2026-03-08 20:32:50] ERROR: [GET] /api/patients → Unknown column 'is_active' in 'where clause'
Error: Unknown column 'is_active' in 'where clause'
    at Packet.asError (C:\Users\lavan\Downloads\DIAS RX\additional\backend\node_modules\mysql2\lib\packets\packet.js:739:17)
    at Query.execute (C:\Users\lavan\Downloads\DIAS RX\additional\backend\node_modules\mysql2\lib\commands\command.js:29:26)
    at PoolConnection.handlePacket (C:\Users\lavan\Downloads\DIAS RX\additional\backend\node_modules\mysql2\lib\base\connection.js:508:34)
    at PacketParser.onPacket (C:\Users\lavan\Downloads\DIAS RX\additional\backend\node_modules\mysql2\lib\base\connection.js:93:12)
    at PacketParser.executeStart (C:\Users\lavan\Downloads\DIAS RX\additional\backend\node_modules\mysql2\lib\packet_parser.js:75:16)
    at Socket.<anonymous> (C:\Users\lavan\Downloads\DIAS RX\additional\backend\node_modules\mysql2\lib\base\connection.js:100:25)
    at Socket.emit (node:events:508:20)
    at addChunk (node:internal/streams/readable:564:12)
    at readableAddChunkPushByteMode (node:internal/streams/readable:515:3)
    at Readable.push (node:internal/streams/readable:395:5)
[2026-03-08 20:32:50] INFO: ::1 - - [08/Mar/2026:15:02:50 +0000] "GET /api/patients HTTP/1.1" 500 1230 "-" "PostmanRuntime/7.51.1"
[2026-03-08 20:52:28] WARN: Received SIGINT. Starting graceful shutdown...
[2026-03-10 11:23:37] INFO: DIAS Rx server running on port 5000 [development]
[2026-03-10 11:52:36] INFO: DIAS Rx server running on port 5000 [development]
[2026-03-10 11:53:12] INFO: ::1 - - [10/Mar/2026:06:23:12 +0000] "GET /health HTTP/1.1" 200 54 "-" "Mozilla/5.0 (Windows NT; Windows NT 10.0; en-IN) WindowsPowerShell/5.1.26100.7705"
[2026-03-10 11:57:56] WARN: [POST] /api/auth/login → Email, password and role are required
[2026-03-10 11:57:56] INFO: ::ffff:10.46.125.141 - - [10/Mar/2026:06:27:56 +0000] "POST /api/auth/login HTTP/1.1" 400 947 "-" "okhttp/4.12.0"
[2026-03-10 11:58:10] WARN: [POST] /api/auth/login → Email, password and role are required
[2026-03-10 11:58:10] INFO: ::ffff:10.46.125.141 - - [10/Mar/2026:06:28:10 +0000] "POST /api/auth/login HTTP/1.1" 400 947 "-" "okhttp/4.12.0"
[2026-03-10 11:58:20] WARN: [POST] /api/auth/login → Email, password and role are required
[2026-03-10 11:58:20] INFO: ::ffff:10.46.125.141 - - [10/Mar/2026:06:28:20 +0000] "POST /api/auth/login HTTP/1.1" 400 947 "-" "okhttp/4.12.0"
[2026-03-10 11:59:09] WARN: [POST] /api/auth/login → Email, password and role are required
[2026-03-10 11:59:09] INFO: ::ffff:10.46.125.141 - - [10/Mar/2026:06:29:09 +0000] "POST /api/auth/login HTTP/1.1" 400 947 "-" "okhttp/4.12.0"
[2026-03-10 11:59:36] WARN: [POST] /api/auth/login → Email, password and role are required
[2026-03-10 11:59:36] INFO: ::ffff:10.46.125.141 - - [10/Mar/2026:06:29:36 +0000] "POST /api/auth/login HTTP/1.1" 400 947 "-" "okhttp/4.12.0"
[2026-03-10 12:32:16] WARN: [POST] /api/auth/login → Email, password and role are required
[2026-03-10 12:32:16] INFO: ::ffff:172.25.82.189 - - [10/Mar/2026:07:02:16 +0000] "POST /api/auth/login HTTP/1.1" 400 947 "-" "okhttp/4.12.0"
[2026-03-10 12:32:26] WARN: [POST] /api/auth/login → Email, password and role are required
[2026-03-10 12:32:26] INFO: ::ffff:172.25.82.189 - - [10/Mar/2026:07:02:26 +0000] "POST /api/auth/login HTTP/1.1" 400 947 "-" "okhttp/4.12.0"
[2026-03-10 12:33:11] WARN: [POST] /api/auth/login → Email, password and role are required
[2026-03-10 12:33:11] INFO: ::ffff:172.25.82.189 - - [10/Mar/2026:07:03:11 +0000] "POST /api/auth/login HTTP/1.1" 400 947 "-" "okhttp/4.12.0"
[2026-03-10 12:43:10] WARN: [POST] /api/auth/login → Invalid credentials
[2026-03-10 12:43:10] INFO: ::ffff:172.25.82.189 - - [10/Mar/2026:07:13:10 +0000] "POST /api/auth/login HTTP/1.1" 401 193 "-" "okhttp/4.12.0"
[2026-03-10 12:43:41] WARN: [POST] /api/auth/login → Invalid credentials
[2026-03-10 12:43:41] INFO: ::ffff:172.25.82.189 - - [10/Mar/2026:07:13:41 +0000] "POST /api/auth/login HTTP/1.1" 401 193 "-" "okhttp/4.12.0"
[2026-03-10 13:05:23] WARN: [POST] /api/auth/login → Invalid credentials
[2026-03-10 13:05:24] INFO: ::ffff:172.25.81.65 - - [10/Mar/2026:07:35:24 +0000] "POST /api/auth/login HTTP/1.1" 401 193 "-" "PostmanRuntime/7.51.1"
[2026-03-10 13:09:50] WARN: [POST] /api/auth/login → Invalid credentials
[2026-03-10 13:09:50] INFO: ::ffff:172.25.81.65 - - [10/Mar/2026:07:39:50 +0000] "POST /api/auth/login HTTP/1.1" 401 193 "-" "PostmanRuntime/7.51.1"
[2026-03-10 13:15:16] INFO: ::ffff:172.25.81.65 - - [10/Mar/2026:07:45:16 +0000] "POST /api/auth/login HTTP/1.1" 200 322 "-" "PostmanRuntime/7.51.1"
[2026-03-10 13:15:50] WARN: [POST] /api/auth/login → Invalid credentials
[2026-03-10 13:15:50] INFO: ::ffff:172.25.81.65 - - [10/Mar/2026:07:45:50 +0000] "POST /api/auth/login HTTP/1.1" 401 193 "-" "PostmanRuntime/7.51.1"
[2026-03-10 13:17:13] INFO: ::ffff:172.25.81.65 - - [10/Mar/2026:07:47:13 +0000] "POST /api/auth/login HTTP/1.1" 200 322 "-" "PostmanRuntime/7.51.1"
[2026-03-10 13:23:17] INFO: ::1 - - [10/Mar/2026:07:53:17 +0000] "POST /api/auth/login HTTP/1.1" 200 322 "-" "-"
[2026-03-10 13:23:17] WARN: [POST] /api/auth/login → Invalid credentials
[2026-03-10 13:23:17] INFO: ::1 - - [10/Mar/2026:07:53:17 +0000] "POST /api/auth/login HTTP/1.1" 401 193 "-" "-"
[2026-03-10 13:24:13] INFO: ::1 - - [10/Mar/2026:07:54:13 +0000] "POST /api/auth/login HTTP/1.1" 200 322 "-" "-"
[2026-03-10 13:24:13] WARN: [POST] /api/auth/login → Invalid credentials
[2026-03-10 13:24:14] INFO: ::1 - - [10/Mar/2026:07:54:14 +0000] "POST /api/auth/login HTTP/1.1" 401 193 "-" "-"
[2026-03-10 13:24:44] INFO: ::1 - - [10/Mar/2026:07:54:44 +0000] "POST /api/auth/login HTTP/1.1" 200 322 "-" "-"
[2026-03-10 13:24:44] WARN: [POST] /api/auth/login → Invalid credentials
[2026-03-10 13:24:44] INFO: ::1 - - [10/Mar/2026:07:54:44 +0000] "POST /api/auth/login HTTP/1.1" 401 193 "-" "-"
[2026-03-10 13:26:45] INFO: ::1 - - [10/Mar/2026:07:56:45 +0000] "POST /api/auth/login HTTP/1.1" 200 322 "-" "-"
[2026-03-10 13:26:45] INFO: ::1 - - [10/Mar/2026:07:56:45 +0000] "POST /api/auth/login HTTP/1.1" 200 334 "-" "-"
[2026-03-10 13:26:45] INFO: ::1 - - [10/Mar/2026:07:56:45 +0000] "POST /api/auth/login HTTP/1.1" 200 336 "-" "-"
[2026-03-10 13:26:45] ERROR: [GET] /api/patients → Unknown column 'is_active' in 'where clause'
Error: Unknown column 'is_active' in 'where clause'
    at Packet.asError (C:\Users\lavan\Downloads\DIAS RX\additional\backend\node_modules\mysql2\lib\packets\packet.js:739:17)
    at Query.execute (C:\Users\lavan\Downloads\DIAS RX\additional\backend\node_modules\mysql2\lib\commands\command.js:29:26)
    at PoolConnection.handlePacket (C:\Users\lavan\Downloads\DIAS RX\additional\backend\node_modules\mysql2\lib\base\connection.js:508:34)
    at PacketParser.onPacket (C:\Users\lavan\Downloads\DIAS RX\additional\backend\node_modules\mysql2\lib\base\connection.js:93:12)
    at PacketParser.executeStart (C:\Users\lavan\Downloads\DIAS RX\additional\backend\node_modules\mysql2\lib\packet_parser.js:75:16)
    at Socket.<anonymous> (C:\Users\lavan\Downloads\DIAS RX\additional\backend\node_modules\mysql2\lib\base\connection.js:100:25)
    at Socket.emit (node:events:508:20)
    at addChunk (node:internal/streams/readable:564:12)
    at readableAddChunkPushByteMode (node:internal/streams/readable:515:3)
    at Readable.push (node:internal/streams/readable:395:5)
[2026-03-10 13:26:45] INFO: ::1 - - [10/Mar/2026:07:56:45 +0000] "GET /api/patients HTTP/1.1" 500 1230 "-" "-"
[2026-03-10 13:36:42] INFO: ::1 - - [10/Mar/2026:08:06:42 +0000] "POST /api/auth/login HTTP/1.1" 200 322 "-" "-"
[2026-03-10 13:36:42] INFO: ::1 - - [10/Mar/2026:08:06:42 +0000] "POST /api/auth/login HTTP/1.1" 429 85 "-" "-"
[2026-03-10 15:16:44] INFO: ::1 - - [10/Mar/2026:09:46:44 +0000] "POST /api/auth/login HTTP/1.1" 200 322 "-" "-"
[2026-03-10 15:16:44] INFO: ::1 - - [10/Mar/2026:09:46:44 +0000] "POST /api/auth/login HTTP/1.1" 200 334 "-" "-"
[2026-03-10 15:16:44] INFO: ::1 - - [10/Mar/2026:09:46:44 +0000] "POST /api/auth/login HTTP/1.1" 200 336 "-" "-"
[2026-03-10 15:16:45] INFO: ::1 - - [10/Mar/2026:09:46:45 +0000] "GET /api/patients HTTP/1.1" 200 1596 "-" "-"
[2026-03-10 15:16:45] INFO: ::1 - - [10/Mar/2026:09:46:45 +0000] "GET /api/drugs HTTP/1.1" 200 1206 "-" "-"
[2026-03-10 15:16:45] ERROR: [POST] /api/prescriptions/full → Unknown column 'remarks' in 'field list'
Error: Unknown column 'remarks' in 'field list'
    at PromisePoolConnection.query (C:\Users\lavan\Downloads\DIAS RX\additional\backend\node_modules\mysql2\lib\promise\connection.js:29:22)
    at C:\Users\lavan\Downloads\DIAS RX\additional\backend\services\prescriptionService.js:8:48
    at withTransaction (C:\Users\lavan\Downloads\DIAS RX\additional\backend\utils\dbHelper.js:13:30)
    at process.processTicksAndRejections (node:internal/process/task_queues:104:5)
    at async C:\Users\lavan\Downloads\DIAS RX\additional\backend\controllers\prescriptionController.js:17:20
[2026-03-10 15:16:45] INFO: ::1 - - [10/Mar/2026:09:46:45 +0000] "POST /api/prescriptions/full HTTP/1.1" 500 701 "-" "-"
[2026-03-10 15:40:56] INFO: DIAS Rx server running on port 5000 [development]
[2026-03-11 08:35:05] INFO: DIAS Rx server running on port 5000 [development]
[2026-03-11 08:49:13] INFO: ::1 - - [11/Mar/2026:03:19:13 +0000] "POST /api/auth/login HTTP/1.1" 200 322 "-" "-"
[2026-03-11 08:49:13] INFO: ::1 - - [11/Mar/2026:03:19:13 +0000] "POST /api/auth/login HTTP/1.1" 200 334 "-" "-"
[2026-03-11 08:49:13] INFO: ::1 - - [11/Mar/2026:03:19:13 +0000] "POST /api/auth/login HTTP/1.1" 200 336 "-" "-"
[2026-03-11 08:49:14] INFO: ::1 - - [11/Mar/2026:03:19:14 +0000] "GET /api/patients HTTP/1.1" 200 1596 "-" "-"
[2026-03-11 08:49:14] INFO: ::1 - - [11/Mar/2026:03:19:14 +0000] "GET /api/drugs HTTP/1.1" 200 1206 "-" "-"
[2026-03-11 08:49:14] INFO: ::1 - - [11/Mar/2026:03:19:14 +0000] "POST /api/prescriptions/full HTTP/1.1" 201 104 "-" "-"
[2026-03-11 08:49:14] INFO: ::1 - - [11/Mar/2026:03:19:14 +0000] "GET /api/prescriptions/pending HTTP/1.1" 200 2 "-" "-"
[2026-03-11 08:49:14] WARN: [PATCH] /api/prescriptions/undefined/dispense → Prescription not found
[2026-03-11 08:49:14] INFO: ::1 - - [11/Mar/2026:03:19:14 +0000] "PATCH /api/prescriptions/undefined/dispense HTTP/1.1" 404 53 "-" "-"
[2026-03-11 08:49:50] INFO: ::1 - - [11/Mar/2026:03:19:50 +0000] "POST /api/auth/login HTTP/1.1" 200 322 "-" "-"
[2026-03-11 08:49:50] INFO: ::1 - - [11/Mar/2026:03:19:50 +0000] "POST /api/auth/login HTTP/1.1" 200 334 "-" "-"
[2026-03-11 08:49:51] INFO: ::1 - - [11/Mar/2026:03:19:51 +0000] "POST /api/auth/login HTTP/1.1" 200 336 "-" "-"
[2026-03-11 08:49:51] INFO: ::1 - - [11/Mar/2026:03:19:51 +0000] "GET /api/patients HTTP/1.1" 200 1596 "-" "-"
[2026-03-11 08:49:51] INFO: ::1 - - [11/Mar/2026:03:19:51 +0000] "GET /api/drugs HTTP/1.1" 200 1206 "-" "-"
[2026-03-11 08:49:51] INFO: ::1 - - [11/Mar/2026:03:19:51 +0000] "POST /api/prescriptions/full HTTP/1.1" 201 104 "-" "-"
[2026-03-11 08:49:51] INFO: ::1 - - [11/Mar/2026:03:19:51 +0000] "GET /api/prescriptions/pending HTTP/1.1" 200 2 "-" "-"
[2026-03-11 08:49:51] WARN: [PATCH] /api/prescriptions/undefined/dispense → Prescription not found
[2026-03-11 08:49:51] INFO: ::1 - - [11/Mar/2026:03:19:51 +0000] "PATCH /api/prescriptions/undefined/dispense HTTP/1.1" 404 53 "-" "-"
[2026-03-11 08:50:11] INFO: ::1 - - [11/Mar/2026:03:20:11 +0000] "POST /api/auth/login HTTP/1.1" 200 322 "-" "-"
[2026-03-11 08:50:11] INFO: ::1 - - [11/Mar/2026:03:20:11 +0000] "POST /api/auth/login HTTP/1.1" 200 334 "-" "-"
[2026-03-11 08:50:11] INFO: ::1 - - [11/Mar/2026:03:20:11 +0000] "POST /api/auth/login HTTP/1.1" 200 336 "-" "-"
[2026-03-11 08:50:11] INFO: ::1 - - [11/Mar/2026:03:20:11 +0000] "GET /api/patients HTTP/1.1" 200 1596 "-" "-"
[2026-03-11 08:50:11] INFO: ::1 - - [11/Mar/2026:03:20:11 +0000] "GET /api/drugs HTTP/1.1" 200 1206 "-" "-"
[2026-03-11 08:50:11] INFO: ::1 - - [11/Mar/2026:03:20:11 +0000] "POST /api/prescriptions/full HTTP/1.1" 201 104 "-" "-"
[2026-03-11 08:50:11] INFO: ::1 - - [11/Mar/2026:03:20:11 +0000] "GET /api/prescriptions/pending HTTP/1.1" 200 2 "-" "-"
[2026-03-11 08:50:11] INFO: ::1 - - [11/Mar/2026:03:20:11 +0000] "PATCH /api/prescriptions/12/dispense HTTP/1.1" 200 49 "-" "-"
[2026-03-11 09:16:43] INFO: ::ffff:127.0.0.1 - - [11/Mar/2026:03:46:43 +0000] "POST /api/auth/login HTTP/1.1" 200 322 "-" "okhttp/4.12.0"
[2026-03-11 09:20:01] INFO: ::ffff:127.0.0.1 - - [11/Mar/2026:03:50:01 +0000] "POST /api/auth/login HTTP/1.1" 200 334 "-" "okhttp/4.12.0"
[2026-03-11 09:20:27] INFO: ::ffff:127.0.0.1 - - [11/Mar/2026:03:50:27 +0000] "POST /api/auth/login HTTP/1.1" 200 334 "-" "okhttp/4.12.0"
[2026-03-11 09:21:02] INFO: ::ffff:127.0.0.1 - - [11/Mar/2026:03:51:02 +0000] "POST /api/auth/login HTTP/1.1" 200 336 "-" "okhttp/4.12.0"
[2026-03-11 09:21:02] INFO: ::ffff:127.0.0.1 - - [11/Mar/2026:03:51:02 +0000] "GET /api/prescriptions/pending HTTP/1.1" 200 2 "-" "okhttp/4.12.0"
[2026-03-11 09:21:24] INFO: ::ffff:127.0.0.1 - - [11/Mar/2026:03:51:24 +0000] "GET /api/prescriptions/pending HTTP/1.1" 200 2 "-" "okhttp/4.12.0"
[2026-03-11 09:21:46] INFO: ::ffff:127.0.0.1 - - [11/Mar/2026:03:51:46 +0000] "GET /api/prescriptions/pending HTTP/1.1" 200 2 "-" "okhttp/4.12.0"
[2026-03-11 09:34:56] INFO: ::ffff:127.0.0.1 - - [11/Mar/2026:04:04:56 +0000] "POST /api/auth/login HTTP/1.1" 200 322 "-" "okhttp/4.12.0"
[2026-03-11 09:36:35] INFO: ::ffff:127.0.0.1 - - [11/Mar/2026:04:06:35 +0000] "POST /api/auth/login HTTP/1.1" 200 322 "-" "okhttp/4.12.0"
[2026-03-11 09:38:26] WARN: [POST] /api/auth/login → User not found
[2026-03-11 09:38:26] INFO: ::ffff:127.0.0.1 - - [11/Mar/2026:04:08:26 +0000] "POST /api/auth/login HTTP/1.1" 404 267 "-" "okhttp/4.12.0"
[2026-03-11 09:38:33] INFO: ::ffff:127.0.0.1 - - [11/Mar/2026:04:08:33 +0000] "POST /api/auth/login HTTP/1.1" 200 336 "-" "okhttp/4.12.0"
[2026-03-11 09:38:33] INFO: ::ffff:127.0.0.1 - - [11/Mar/2026:04:08:33 +0000] "GET /api/prescriptions/pending HTTP/1.1" 200 2 "-" "okhttp/4.12.0"
[2026-03-11 09:39:27] INFO: ::ffff:127.0.0.1 - - [11/Mar/2026:04:09:27 +0000] "POST /api/auth/login HTTP/1.1" 200 336 "-" "okhttp/4.12.0"
[2026-03-11 09:39:27] INFO: ::ffff:127.0.0.1 - - [11/Mar/2026:04:09:27 +0000] "GET /api/prescriptions/pending HTTP/1.1" 200 2 "-" "okhttp/4.12.0"
[2026-03-11 09:40:19] INFO: ::ffff:127.0.0.1 - - [11/Mar/2026:04:10:19 +0000] "GET /api/prescriptions/pending HTTP/1.1" 200 2 "-" "okhttp/4.12.0"
[2026-03-11 14:38:13] INFO: DIAS Rx server running on port 5000 [development]
[2026-03-11 20:31:39] INFO: DIAS Rx server running on port 5000 [development]
[2026-03-11 20:43:50] INFO: DIAS Rx server running on port 5000 [development]
[2026-03-11 21:03:30] INFO: DIAS Rx server running on port 5000 [development]
[2026-03-11 21:04:46] ERROR: [POST] /api/auth/forgot-password → connect ECONNREFUSED 127.0.0.1:3307
Error: connect ECONNREFUSED 127.0.0.1:3307
    at TCPConnectWrap.afterConnect [as oncomplete] (node:net:1713:16)
[2026-03-11 21:04:46] INFO: ::ffff:127.0.0.1 - - [11/Mar/2026:15:34:46 +0000] "POST /api/auth/forgot-password HTTP/1.1" 500 192 "-" "okhttp/4.12.0"
[2026-03-11 21:10:50] INFO: DIAS Rx server running on port 5000 [development]
[2026-03-11 22:19:20] INFO: DIAS Rx server running on port 5000 [development]
[2026-03-11 22:22:20] WARN: Received SIGINT. Starting graceful shutdown...
[2026-03-11 22:22:36] INFO: DIAS Rx server running on port 5000 [development]
[2026-03-11 22:23:07] ERROR: [POST] /api/auth/forgot-password → Table 'diasrx.users' doesn't exist in engine
Error: Table 'diasrx.users' doesn't exist in engine
    at Packet.asError (C:\Users\lavan\Downloads\DIAS RX\additional\backend\node_modules\mysql2\lib\packets\packet.js:739:17)
    at Query.execute (C:\Users\lavan\Downloads\DIAS RX\additional\backend\node_modules\mysql2\lib\commands\command.js:29:26)
    at PoolConnection.handlePacket (C:\Users\lavan\Downloads\DIAS RX\additional\backend\node_modules\mysql2\lib\base\connection.js:508:34)
    at PacketParser.onPacket (C:\Users\lavan\Downloads\DIAS RX\additional\backend\node_modules\mysql2\lib\base\connection.js:93:12)
    at PacketParser.executeStart (C:\Users\lavan\Downloads\DIAS RX\additional\backend\node_modules\mysql2\lib\packet_parser.js:75:16)
    at Socket.<anonymous> (C:\Users\lavan\Downloads\DIAS RX\additional\backend\node_modules\mysql2\lib\base\connection.js:100:25)
    at Socket.emit (node:events:508:20)
    at addChunk (node:internal/streams/readable:564:12)
    at readableAddChunkPushByteMode (node:internal/streams/readable:515:3)
    at Readable.push (node:internal/streams/readable:395:5)
[2026-03-11 22:23:07] INFO: ::ffff:127.0.0.1 - - [11/Mar/2026:16:53:07 +0000] "POST /api/auth/forgot-password HTTP/1.1" 500 1230 "-" "okhttp/4.12.0"
[2026-03-11 22:23:15] ERROR: [POST] /api/auth/forgot-password → Table 'diasrx.users' doesn't exist in engine
Error: Table 'diasrx.users' doesn't exist in engine
    at Packet.asError (C:\Users\lavan\Downloads\DIAS RX\additional\backend\node_modules\mysql2\lib\packets\packet.js:739:17)
    at Query.execute (C:\Users\lavan\Downloads\DIAS RX\additional\backend\node_modules\mysql2\lib\commands\command.js:29:26)
    at PoolConnection.handlePacket (C:\Users\lavan\Downloads\DIAS RX\additional\backend\node_modules\mysql2\lib\base\connection.js:508:34)
    at PacketParser.onPacket (C:\Users\lavan\Downloads\DIAS RX\additional\backend\node_modules\mysql2\lib\base\connection.js:93:12)
    at PacketParser.executeStart (C:\Users\lavan\Downloads\DIAS RX\additional\backend\node_modules\mysql2\lib\packet_parser.js:75:16)
    at Socket.<anonymous> (C:\Users\lavan\Downloads\DIAS RX\additional\backend\node_modules\mysql2\lib\base\connection.js:100:25)
    at Socket.emit (node:events:508:20)
    at addChunk (node:internal/streams/readable:564:12)
    at readableAddChunkPushByteMode (node:internal/streams/readable:515:3)
    at Readable.push (node:internal/streams/readable:395:5)
[2026-03-11 22:23:15] INFO: ::ffff:127.0.0.1 - - [11/Mar/2026:16:53:15 +0000] "POST /api/auth/forgot-password HTTP/1.1" 500 1230 "-" "okhttp/4.12.0"
[2026-03-11 22:23:21] ERROR: [POST] /api/auth/forgot-password → Table 'diasrx.users' doesn't exist in engine
Error: Table 'diasrx.users' doesn't exist in engine
    at Packet.asError (C:\Users\lavan\Downloads\DIAS RX\additional\backend\node_modules\mysql2\lib\packets\packet.js:739:17)
    at Query.execute (C:\Users\lavan\Downloads\DIAS RX\additional\backend\node_modules\mysql2\lib\commands\command.js:29:26)
    at PoolConnection.handlePacket (C:\Users\lavan\Downloads\DIAS RX\additional\backend\node_modules\mysql2\lib\base\connection.js:508:34)
    at PacketParser.onPacket (C:\Users\lavan\Downloads\DIAS RX\additional\backend\node_modules\mysql2\lib\base\connection.js:93:12)
    at PacketParser.executeStart (C:\Users\lavan\Downloads\DIAS RX\additional\backend\node_modules\mysql2\lib\packet_parser.js:75:16)
    at Socket.<anonymous> (C:\Users\lavan\Downloads\DIAS RX\additional\backend\node_modules\mysql2\lib\base\connection.js:100:25)
    at Socket.emit (node:events:508:20)
    at addChunk (node:internal/streams/readable:564:12)
    at readableAddChunkPushByteMode (node:internal/streams/readable:515:3)
    at Readable.push (node:internal/streams/readable:395:5)
[2026-03-11 22:23:21] INFO: ::ffff:127.0.0.1 - - [11/Mar/2026:16:53:21 +0000] "POST /api/auth/forgot-password HTTP/1.1" 500 1230 "-" "okhttp/4.12.0"
[2026-03-11 22:23:26] ERROR: [POST] /api/auth/forgot-password → Table 'diasrx.users' doesn't exist in engine
Error: Table 'diasrx.users' doesn't exist in engine
    at Packet.asError (C:\Users\lavan\Downloads\DIAS RX\additional\backend\node_modules\mysql2\lib\packets\packet.js:739:17)
    at Query.execute (C:\Users\lavan\Downloads\DIAS RX\additional\backend\node_modules\mysql2\lib\commands\command.js:29:26)
    at PoolConnection.handlePacket (C:\Users\lavan\Downloads\DIAS RX\additional\backend\node_modules\mysql2\lib\base\connection.js:508:34)
    at PacketParser.onPacket (C:\Users\lavan\Downloads\DIAS RX\additional\backend\node_modules\mysql2\lib\base\connection.js:93:12)
    at PacketParser.executeStart (C:\Users\lavan\Downloads\DIAS RX\additional\backend\node_modules\mysql2\lib\packet_parser.js:75:16)
    at Socket.<anonymous> (C:\Users\lavan\Downloads\DIAS RX\additional\backend\node_modules\mysql2\lib\base\connection.js:100:25)
    at Socket.emit (node:events:508:20)
    at addChunk (node:internal/streams/readable:564:12)
    at readableAddChunkPushByteMode (node:internal/streams/readable:515:3)
    at Readable.push (node:internal/streams/readable:395:5)
[2026-03-11 22:23:26] INFO: ::ffff:127.0.0.1 - - [11/Mar/2026:16:53:26 +0000] "POST /api/auth/forgot-password HTTP/1.1" 500 1230 "-" "okhttp/4.12.0"
[2026-03-11 22:26:03] ERROR: [POST] /api/auth/forgot-password → Table 'diasrx.users' doesn't exist in engine
Error: Table 'diasrx.users' doesn't exist in engine
    at Packet.asError (C:\Users\lavan\Downloads\DIAS RX\additional\backend\node_modules\mysql2\lib\packets\packet.js:739:17)
    at Query.execute (C:\Users\lavan\Downloads\DIAS RX\additional\backend\node_modules\mysql2\lib\commands\command.js:29:26)
    at PoolConnection.handlePacket (C:\Users\lavan\Downloads\DIAS RX\additional\backend\node_modules\mysql2\lib\base\connection.js:508:34)
    at PacketParser.onPacket (C:\Users\lavan\Downloads\DIAS RX\additional\backend\node_modules\mysql2\lib\base\connection.js:93:12)
    at PacketParser.executeStart (C:\Users\lavan\Downloads\DIAS RX\additional\backend\node_modules\mysql2\lib\packet_parser.js:75:16)
    at Socket.<anonymous> (C:\Users\lavan\Downloads\DIAS RX\additional\backend\node_modules\mysql2\lib\base\connection.js:100:25)
    at Socket.emit (node:events:508:20)
    at addChunk (node:internal/streams/readable:564:12)
    at readableAddChunkPushByteMode (node:internal/streams/readable:515:3)
    at Readable.push (node:internal/streams/readable:395:5)
[2026-03-11 22:26:03] INFO: ::ffff:127.0.0.1 - - [11/Mar/2026:16:56:03 +0000] "POST /api/auth/forgot-password HTTP/1.1" 500 1230 "-" "okhttp/4.12.0"
[2026-03-11 22:26:25] ERROR: [POST] /api/auth/forgot-password → Table 'diasrx.users' doesn't exist in engine
Error: Table 'diasrx.users' doesn't exist in engine
    at Packet.asError (C:\Users\lavan\Downloads\DIAS RX\additional\backend\node_modules\mysql2\lib\packets\packet.js:739:17)
    at Query.execute (C:\Users\lavan\Downloads\DIAS RX\additional\backend\node_modules\mysql2\lib\commands\command.js:29:26)
    at PoolConnection.handlePacket (C:\Users\lavan\Downloads\DIAS RX\additional\backend\node_modules\mysql2\lib\base\connection.js:508:34)
    at PacketParser.onPacket (C:\Users\lavan\Downloads\DIAS RX\additional\backend\node_modules\mysql2\lib\base\connection.js:93:12)
    at PacketParser.executeStart (C:\Users\lavan\Downloads\DIAS RX\additional\backend\node_modules\mysql2\lib\packet_parser.js:75:16)
    at Socket.<anonymous> (C:\Users\lavan\Downloads\DIAS RX\additional\backend\node_modules\mysql2\lib\base\connection.js:100:25)
    at Socket.emit (node:events:508:20)
    at addChunk (node:internal/streams/readable:564:12)
    at readableAddChunkPushByteMode (node:internal/streams/readable:515:3)
    at Readable.push (node:internal/streams/readable:395:5)
[2026-03-11 22:26:25] INFO: ::ffff:127.0.0.1 - - [11/Mar/2026:16:56:25 +0000] "POST /api/auth/forgot-password HTTP/1.1" 500 1230 "-" "okhttp/4.12.0"
[2026-03-11 22:26:27] ERROR: [POST] /api/auth/forgot-password → Table 'diasrx.users' doesn't exist in engine
Error: Table 'diasrx.users' doesn't exist in engine
    at Packet.asError (C:\Users\lavan\Downloads\DIAS RX\additional\backend\node_modules\mysql2\lib\packets\packet.js:739:17)
    at Query.execute (C:\Users\lavan\Downloads\DIAS RX\additional\backend\node_modules\mysql2\lib\commands\command.js:29:26)
    at PoolConnection.handlePacket (C:\Users\lavan\Downloads\DIAS RX\additional\backend\node_modules\mysql2\lib\base\connection.js:508:34)
    at PacketParser.onPacket (C:\Users\lavan\Downloads\DIAS RX\additional\backend\node_modules\mysql2\lib\base\connection.js:93:12)
    at PacketParser.executeStart (C:\Users\lavan\Downloads\DIAS RX\additional\backend\node_modules\mysql2\lib\packet_parser.js:75:16)
    at Socket.<anonymous> (C:\Users\lavan\Downloads\DIAS RX\additional\backend\node_modules\mysql2\lib\base\connection.js:100:25)
    at Socket.emit (node:events:508:20)
    at addChunk (node:internal/streams/readable:564:12)
    at readableAddChunkPushByteMode (node:internal/streams/readable:515:3)
    at Readable.push (node:internal/streams/readable:395:5)
[2026-03-11 22:26:27] INFO: ::ffff:127.0.0.1 - - [11/Mar/2026:16:56:27 +0000] "POST /api/auth/forgot-password HTTP/1.1" 500 1230 "-" "okhttp/4.12.0"
[2026-03-11 22:29:03] ERROR: [POST] /api/auth/forgot-password → Table 'diasrx.users' doesn't exist in engine
Error: Table 'diasrx.users' doesn't exist in engine
    at Packet.asError (C:\Users\lavan\Downloads\DIAS RX\additional\backend\node_modules\mysql2\lib\packets\packet.js:739:17)
    at Query.execute (C:\Users\lavan\Downloads\DIAS RX\additional\backend\node_modules\mysql2\lib\commands\command.js:29:26)
    at PoolConnection.handlePacket (C:\Users\lavan\Downloads\DIAS RX\additional\backend\node_modules\mysql2\lib\base\connection.js:508:34)
    at PacketParser.onPacket (C:\Users\lavan\Downloads\DIAS RX\additional\backend\node_modules\mysql2\lib\base\connection.js:93:12)
    at PacketParser.executeStart (C:\Users\lavan\Downloads\DIAS RX\additional\backend\node_modules\mysql2\lib\packet_parser.js:75:16)
    at Socket.<anonymous> (C:\Users\lavan\Downloads\DIAS RX\additional\backend\node_modules\mysql2\lib\base\connection.js:100:25)
    at Socket.emit (node:events:508:20)
    at addChunk (node:internal/streams/readable:564:12)
    at readableAddChunkPushByteMode (node:internal/streams/readable:515:3)
    at Readable.push (node:internal/streams/readable:395:5)
[2026-03-11 22:29:03] INFO: ::ffff:127.0.0.1 - - [11/Mar/2026:16:59:03 +0000] "POST /api/auth/forgot-password HTTP/1.1" 500 1230 "-" "okhttp/4.12.0"
[2026-03-12 08:19:02] INFO: DIAS Rx server running on port 5000 [development]
[2026-03-12 08:19:28] ERROR: [POST] /api/auth/forgot-password → Table 'diasrx.users' doesn't exist
Error: Table 'diasrx.users' doesn't exist
    at Packet.asError (C:\Users\lavan\Downloads\DIAS RX\additional\backend\node_modules\mysql2\lib\packets\packet.js:739:17)
    at Query.execute (C:\Users\lavan\Downloads\DIAS RX\additional\backend\node_modules\mysql2\lib\commands\command.js:29:26)
    at PoolConnection.handlePacket (C:\Users\lavan\Downloads\DIAS RX\additional\backend\node_modules\mysql2\lib\base\connection.js:508:34)
    at PacketParser.onPacket (C:\Users\lavan\Downloads\DIAS RX\additional\backend\node_modules\mysql2\lib\base\connection.js:93:12)
    at PacketParser.executeStart (C:\Users\lavan\Downloads\DIAS RX\additional\backend\node_modules\mysql2\lib\packet_parser.js:75:16)
    at Socket.<anonymous> (C:\Users\lavan\Downloads\DIAS RX\additional\backend\node_modules\mysql2\lib\base\connection.js:100:25)
    at Socket.emit (node:events:508:20)
    at addChunk (node:internal/streams/readable:564:12)
    at readableAddChunkPushByteMode (node:internal/streams/readable:515:3)
    at Readable.push (node:internal/streams/readable:395:5)
[2026-03-12 08:19:28] INFO: ::1 - - [12/Mar/2026:02:49:28 +0000] "POST /api/auth/forgot-password HTTP/1.1" 500 1210 "-" "-"
[2026-03-12 08:19:28] ERROR: [POST] /api/auth/forgot-password → Table 'diasrx.users' doesn't exist
Error: Table 'diasrx.users' doesn't exist
    at Packet.asError (C:\Users\lavan\Downloads\DIAS RX\additional\backend\node_modules\mysql2\lib\packets\packet.js:739:17)
    at Query.execute (C:\Users\lavan\Downloads\DIAS RX\additional\backend\node_modules\mysql2\lib\commands\command.js:29:26)
    at PoolConnection.handlePacket (C:\Users\lavan\Downloads\DIAS RX\additional\backend\node_modules\mysql2\lib\base\connection.js:508:34)
    at PacketParser.onPacket (C:\Users\lavan\Downloads\DIAS RX\additional\backend\node_modules\mysql2\lib\base\connection.js:93:12)
    at PacketParser.executeStart (C:\Users\lavan\Downloads\DIAS RX\additional\backend\node_modules\mysql2\lib\packet_parser.js:75:16)
    at Socket.<anonymous> (C:\Users\lavan\Downloads\DIAS RX\additional\backend\node_modules\mysql2\lib\base\connection.js:100:25)
    at Socket.emit (node:events:508:20)
    at addChunk (node:internal/streams/readable:564:12)
    at readableAddChunkPushByteMode (node:internal/streams/readable:515:3)
    at Readable.push (node:internal/streams/readable:395:5)
[2026-03-12 08:19:28] INFO: ::1 - - [12/Mar/2026:02:49:28 +0000] "POST /api/auth/forgot-password HTTP/1.1" 500 1210 "-" "-"
[2026-03-12 08:19:28] ERROR: [POST] /api/auth/forgot-password → Table 'diasrx.users' doesn't exist
Error: Table 'diasrx.users' doesn't exist
    at Packet.asError (C:\Users\lavan\Downloads\DIAS RX\additional\backend\node_modules\mysql2\lib\packets\packet.js:739:17)
    at Query.execute (C:\Users\lavan\Downloads\DIAS RX\additional\backend\node_modules\mysql2\lib\commands\command.js:29:26)
    at PoolConnection.handlePacket (C:\Users\lavan\Downloads\DIAS RX\additional\backend\node_modules\mysql2\lib\base\connection.js:508:34)
    at PacketParser.onPacket (C:\Users\lavan\Downloads\DIAS RX\additional\backend\node_modules\mysql2\lib\base\connection.js:93:12)
    at PacketParser.executeStart (C:\Users\lavan\Downloads\DIAS RX\additional\backend\node_modules\mysql2\lib\packet_parser.js:75:16)
    at Socket.<anonymous> (C:\Users\lavan\Downloads\DIAS RX\additional\backend\node_modules\mysql2\lib\base\connection.js:100:25)
    at Socket.emit (node:events:508:20)
    at addChunk (node:internal/streams/readable:564:12)
    at readableAddChunkPushByteMode (node:internal/streams/readable:515:3)
    at Readable.push (node:internal/streams/readable:395:5)
[2026-03-12 08:19:28] INFO: ::1 - - [12/Mar/2026:02:49:28 +0000] "POST /api/auth/forgot-password HTTP/1.1" 500 1210 "-" "-"
[2026-03-12 08:19:28] ERROR: [POST] /api/auth/forgot-password → Table 'diasrx.users' doesn't exist
Error: Table 'diasrx.users' doesn't exist
    at Packet.asError (C:\Users\lavan\Downloads\DIAS RX\additional\backend\node_modules\mysql2\lib\packets\packet.js:739:17)
    at Query.execute (C:\Users\lavan\Downloads\DIAS RX\additional\backend\node_modules\mysql2\lib\commands\command.js:29:26)
    at PoolConnection.handlePacket (C:\Users\lavan\Downloads\DIAS RX\additional\backend\node_modules\mysql2\lib\base\connection.js:508:34)
    at PacketParser.onPacket (C:\Users\lavan\Downloads\DIAS RX\additional\backend\node_modules\mysql2\lib\base\connection.js:93:12)
    at PacketParser.executeStart (C:\Users\lavan\Downloads\DIAS RX\additional\backend\node_modules\mysql2\lib\packet_parser.js:75:16)
    at Socket.<anonymous> (C:\Users\lavan\Downloads\DIAS RX\additional\backend\node_modules\mysql2\lib\base\connection.js:100:25)
    at Socket.emit (node:events:508:20)
    at addChunk (node:internal/streams/readable:564:12)
    at readableAddChunkPushByteMode (node:internal/streams/readable:515:3)
    at Readable.push (node:internal/streams/readable:395:5)
[2026-03-12 08:19:28] INFO: ::1 - - [12/Mar/2026:02:49:28 +0000] "POST /api/auth/forgot-password HTTP/1.1" 500 1210 "-" "-"
[2026-03-12 08:37:07] INFO: DIAS Rx server running on port 5000 [development]
[2026-03-12 08:38:45] INFO: ::1 - - [12/Mar/2026:03:08:45 +0000] "POST /api/auth/forgot-password HTTP/1.1" 200 61 "-" "curl/8.18.0"
[2026-03-12 08:57:05] INFO: ::1 - - [12/Mar/2026:03:27:05 +0000] "POST /api/auth/forgot-password HTTP/1.1" 200 61 "-" "-"
[2026-03-12 08:57:05] INFO: ::1 - - [12/Mar/2026:03:27:05 +0000] "POST /api/auth/verify-otp HTTP/1.1" 200 40 "-" "-"
[2026-03-12 08:57:05] INFO: ::1 - - [12/Mar/2026:03:27:05 +0000] "POST /api/auth/reset-password HTTP/1.1" 200 44 "-" "-"
[2026-03-12 08:57:05] INFO: ::1 - - [12/Mar/2026:03:27:05 +0000] "POST /api/auth/forgot-password HTTP/1.1" 200 61 "-" "-"
[2026-03-12 08:57:05] INFO: ::1 - - [12/Mar/2026:03:27:05 +0000] "POST /api/auth/verify-otp HTTP/1.1" 200 40 "-" "-"
[2026-03-12 08:57:05] INFO: ::1 - - [12/Mar/2026:03:27:05 +0000] "POST /api/auth/reset-password HTTP/1.1" 200 44 "-" "-"
[2026-03-12 08:57:05] INFO: ::1 - - [12/Mar/2026:03:27:05 +0000] "POST /api/auth/forgot-password HTTP/1.1" 200 61 "-" "-"
[2026-03-12 08:57:05] INFO: ::1 - - [12/Mar/2026:03:27:05 +0000] "POST /api/auth/verify-otp HTTP/1.1" 200 40 "-" "-"
[2026-03-12 08:57:06] INFO: ::1 - - [12/Mar/2026:03:27:06 +0000] "POST /api/auth/reset-password HTTP/1.1" 200 44 "-" "-"
[2026-03-12 08:57:06] INFO: ::1 - - [12/Mar/2026:03:27:06 +0000] "POST /api/auth/forgot-password HTTP/1.1" 200 61 "-" "-"
[2026-03-12 08:57:06] INFO: ::1 - - [12/Mar/2026:03:27:06 +0000] "POST /api/auth/verify-otp HTTP/1.1" 200 40 "-" "-"
[2026-03-12 08:57:06] INFO: ::1 - - [12/Mar/2026:03:27:06 +0000] "POST /api/auth/reset-password HTTP/1.1" 200 44 "-" "-"
[2026-03-12 09:00:11] INFO: DIAS Rx server running on port 5000 [development]
[2026-03-12 09:02:45] INFO: ::ffff:172.25.82.189 - - [12/Mar/2026:03:32:45 +0000] "POST /api/auth/forgot-password HTTP/1.1" 200 61 "-" "okhttp/4.12.0"
[2026-03-12 09:28:58] INFO: ::ffff:172.25.82.189 - - [12/Mar/2026:03:58:58 +0000] "POST /api/auth/forgot-password HTTP/1.1" 200 61 "-" "okhttp/4.12.0"
[2026-03-12 09:29:07] INFO: ::ffff:172.25.82.189 - - [12/Mar/2026:03:59:07 +0000] "POST /api/auth/verify-otp HTTP/1.1" 200 40 "-" "okhttp/4.12.0"
[2026-03-12 09:29:18] INFO: ::ffff:172.25.82.189 - - [12/Mar/2026:03:59:18 +0000] "POST /api/auth/verify-otp HTTP/1.1" 200 40 "-" "okhttp/4.12.0"
[2026-03-12 09:29:22] INFO: ::ffff:172.25.82.189 - - [12/Mar/2026:03:59:22 +0000] "POST /api/auth/verify-otp HTTP/1.1" 200 40 "-" "okhttp/4.12.0"
[2026-03-12 09:29:51] INFO: ::ffff:172.25.82.189 - - [12/Mar/2026:03:59:51 +0000] "POST /api/auth/reset-password HTTP/1.1" 200 44 "-" "okhttp/4.12.0"
[2026-03-12 09:30:13] WARN: [POST] /api/auth/login → User not found or role mismatch
[2026-03-12 09:30:13] INFO: ::ffff:172.25.82.189 - - [12/Mar/2026:04:00:13 +0000] "POST /api/auth/login HTTP/1.1" 404 301 "-" "okhttp/4.12.0"
[2026-03-12 09:30:16] WARN: [POST] /api/auth/login → User not found or role mismatch
[2026-03-12 09:30:16] INFO: ::ffff:172.25.82.189 - - [12/Mar/2026:04:00:16 +0000] "POST /api/auth/login HTTP/1.1" 404 301 "-" "okhttp/4.12.0"
[2026-03-12 09:30:29] WARN: [POST] /api/auth/login → Invalid credentials
[2026-03-12 09:30:29] INFO: ::ffff:172.25.82.189 - - [12/Mar/2026:04:00:29 +0000] "POST /api/auth/login HTTP/1.1" 401 193 "-" "okhttp/4.12.0"
[2026-03-12 09:31:00] WARN: [POST] /api/auth/login → Invalid credentials
[2026-03-12 09:31:00] INFO: ::ffff:172.25.82.189 - - [12/Mar/2026:04:01:00 +0000] "POST /api/auth/login HTTP/1.1" 401 193 "-" "okhttp/4.12.0"
[2026-03-12 09:33:33] WARN: [POST] /api/auth/login → Invalid credentials
[2026-03-12 09:33:34] INFO: ::ffff:172.25.82.189 - - [12/Mar/2026:04:03:34 +0000] "POST /api/auth/login HTTP/1.1" 401 193 "-" "okhttp/4.12.0"
[2026-03-12 09:43:01] INFO: ::1 - - [12/Mar/2026:04:13:01 +0000] "POST /api/auth/login HTTP/1.1" 200 312 "-" "-"
[2026-03-12 09:43:03] INFO: ::1 - - [12/Mar/2026:04:13:03 +0000] "POST /api/auth/login HTTP/1.1" 200 334 "-" "-"
[2026-03-12 09:43:03] INFO: ::1 - - [12/Mar/2026:04:13:03 +0000] "POST /api/auth/login HTTP/1.1" 200 336 "-" "-"
[2026-03-12 09:43:03] INFO: ::1 - - [12/Mar/2026:04:13:03 +0000] "GET /api/prescriptions/pending HTTP/1.1" 401 44 "-" "-"
[2026-03-12 10:03:44] INFO: ::ffff:172.25.82.189 - - [12/Mar/2026:04:33:44 +0000] "POST /api/auth/login HTTP/1.1" 200 312 "-" "okhttp/4.12.0"
[2026-03-12 10:04:56] WARN: [POST] /api/auth/login → Invalid credentials
[2026-03-12 10:04:56] INFO: ::ffff:172.25.82.189 - - [12/Mar/2026:04:34:56 +0000] "POST /api/auth/login HTTP/1.1" 401 193 "-" "okhttp/4.12.0"
[2026-03-12 10:08:10] INFO: ::ffff:172.25.82.189 - - [12/Mar/2026:04:38:10 +0000] "POST /api/auth/login HTTP/1.1" 200 312 "-" "okhttp/4.12.0"
[2026-03-12 10:16:10] INFO: ::ffff:172.25.82.189 - - [12/Mar/2026:04:46:10 +0000] "POST /api/auth/login HTTP/1.1" 200 312 "-" "okhttp/4.12.0"
[2026-03-12 10:16:59] INFO: ::ffff:172.25.82.189 - - [12/Mar/2026:04:46:59 +0000] "POST /api/auth/login HTTP/1.1" 200 312 "-" "okhttp/4.12.0"
[2026-03-12 10:36:22] INFO: ::ffff:172.25.82.189 - - [12/Mar/2026:05:06:22 +0000] "POST /api/auth/login HTTP/1.1" 200 312 "-" "okhttp/4.12.0"
[2026-03-12 10:36:56] INFO: ::ffff:172.25.82.189 - - [12/Mar/2026:05:06:56 +0000] "POST /api/auth/register HTTP/1.1" 201 78 "-" "okhttp/4.12.0"
[2026-03-12 10:37:38] INFO: ::ffff:172.25.82.189 - - [12/Mar/2026:05:07:38 +0000] "POST /api/auth/register HTTP/1.1" 201 87 "-" "okhttp/4.12.0"
[2026-03-12 10:40:09] INFO: ::ffff:172.25.82.189 - - [12/Mar/2026:05:10:09 +0000] "POST /api/auth/login HTTP/1.1" 200 320 "-" "okhttp/4.12.0"
[2026-03-12 10:40:14] INFO: ::ffff:172.25.82.189 - - [12/Mar/2026:05:10:14 +0000] "GET /api/patients HTTP/1.1" 200 1745 "-" "okhttp/4.12.0"
